# JRE version: OpenJDK Runtime Environment Corretto-11.0.22.7.1 (11.0.22+7) (build 11.0.22+7-LTS)
# Java VM: OpenJDK 64-Bit Server VM Corretto-11.0.22.7.1 (11.0.22+7-LTS, mixed mode, tiered, compressed oops, g1 gc, windows-amd64)
Heap:
 garbage-first heap   total 155648K, used 19911K [0x0000000082000000, 0x0000000100000000)
  region size 1024K, 5 young (5120K), 2 survivors (2048K)
 Metaspace       used 35192K, capacity 36077K, committed 36144K, reserved 1081344K
  class space    used 3823K, capacity 4163K, committed 4224K, reserved 1048576K
GC Heap History (13 events):
Event: 0.876 GC heap before
{Heap before GC invocations=0 (full 0):
 garbage-first heap   total 129024K, used 13312K [0x0000000082000000, 0x0000000100000000)
  region size 1024K, 14 young (14336K), 0 survivors (0K)
 Metaspace       used 11645K, capacity 11947K, committed 12288K, reserved 1060864K
  class space    used 1080K, capacity 1174K, committed 1280K, reserved 1048576K
}
Event: 0.880 GC heap after
{Heap after GC invocations=1 (full 0):
 garbage-first heap   total 129024K, used 3258K [0x0000000082000000, 0x0000000100000000)
  region size 1024K, 2 young (2048K), 2 survivors (2048K)
 Metaspace       used 11645K, capacity 11947K, committed 12288K, reserved 1060864K
  class space    used 1080K, capacity 1174K, committed 1280K, reserved 1048576K
}
Event: 1.065 GC heap before
{Heap before GC invocations=1 (full 0):
 garbage-first heap   total 129024K, used 12474K [0x0000000082000000, 0x0000000100000000)
  region size 1024K, 11 young (11264K), 2 survivors (2048K)
 Metaspace       used 14002K, capacity 14360K, committed 14592K, reserved 1062912K
  class space    used 1393K, capacity 1489K, committed 1536K, reserved 1048576K
}
Event: 1.069 GC heap after
{Heap after GC invocations=2 (full 0):
 garbage-first heap   total 129024K, used 3958K [0x0000000082000000, 0x0000000100000000)
  region size 1024K, 1 young (1024K), 1 survivors (1024K)
 Metaspace       used 14002K, capacity 14360K, committed 14592K, reserved 1062912K
  class space    used 1393K, capacity 1489K, committed 1536K, reserved 1048576K
}
Event: 1.549 GC heap before
{Heap before GC invocations=2 (full 0):
 garbage-first heap   total 129024K, used 32630K [0x0000000082000000, 0x0000000100000000)
  region size 1024K, 29 young (29696K), 1 survivors (1024K)
 Metaspace       used 16756K, capacity 17147K, committed 17280K, reserved 1064960K
  class space    used 1684K, capacity 1795K, committed 1920K, reserved 1048576K
}
Event: 1.554 GC heap after
{Heap after GC invocations=3 (full 0):
 garbage-first heap   total 129024K, used 5237K [0x0000000082000000, 0x0000000100000000)
  region size 1024K, 2 young (2048K), 2 survivors (2048K)
 Metaspace       used 16756K, capacity 17147K, committed 17280K, reserved 1064960K
  class space    used 1684K, capacity 1795K, committed 1920K, reserved 1048576K
}
Event: 2.134 GC heap before
{Heap before GC invocations=3 (full 0):
 garbage-first heap   total 129024K, used 29813K [0x0000000082000000, 0x0000000100000000)
  region size 1024K, 27 young (27648K), 2 survivors (2048K)
 Metaspace       used 20835K, capacity 21187K, committed 21296K, reserved 1069056K
  class space    used 2226K, capacity 2371K, committed 2432K, reserved 1048576K
}
Event: 2.140 GC heap after
{Heap after GC invocations=4 (full 0):
 garbage-first heap   total 129024K, used 6874K [0x0000000082000000, 0x0000000100000000)
  region size 1024K, 4 young (4096K), 4 survivors (4096K)
 Metaspace       used 20835K, capacity 21187K, committed 21296K, reserved 1069056K
  class space    used 2226K, capacity 2371K, committed 2432K, reserved 1048576K
}
Event: 6.417 GC heap before
{Heap before GC invocations=5 (full 0):
 garbage-first heap   total 129024K, used 59098K [0x0000000082000000, 0x0000000100000000)
  region size 1024K, 55 young (56320K), 4 survivors (4096K)
 Metaspace       used 25487K, capacity 26118K, committed 26160K, reserved 1073152K
  class space    used 2733K, capacity 2928K, committed 2944K, reserved 1048576K
}
Event: 6.441 GC heap after
{Heap after GC invocations=6 (full 0):
 garbage-first heap   total 129024K, used 10412K [0x0000000082000000, 0x0000000100000000)
  region size 1024K, 7 young (7168K), 7 survivors (7168K)
 Metaspace       used 25487K, capacity 26118K, committed 26160K, reserved 1073152K
  class space    used 2733K, capacity 2928K, committed 2944K, reserved 1048576K
}
Event: 12.113 GC heap before
{Heap before GC invocations=6 (full 0):
 garbage-first heap   total 129024K, used 75948K [0x0000000082000000, 0x0000000100000000)
  region size 1024K, 71 young (72704K), 7 survivors (7168K)
 Metaspace       used 34383K, capacity 35274K, committed 35504K, reserved 1081344K
  class space    used 3730K, capacity 4067K, committed 4096K, reserved 1048576K
}
Event: 12.131 GC heap after
{Heap after GC invocations=7 (full 0):
 garbage-first heap   total 155648K, used 16069K [0x0000000082000000, 0x0000000100000000)
  region size 1024K, 9 young (9216K), 9 survivors (9216K)
 Metaspace       used 34383K, capacity 35274K, committed 35504K, reserved 1081344K
  class space    used 3730K, capacity 4067K, committed 4096K, reserved 1048576K
}
Event: 12.197 GC heap before
{Heap before GC invocations=7 (full 0):
 garbage-first heap   total 155648K, used 17093K [0x0000000082000000, 0x0000000100000000)
  region size 1024K, 11 young (11264K), 9 survivors (9216K)
 Metaspace       used 34869K, capacity 35773K, committed 35888K, reserved 1081344K
  class space    used 3784K, capacity 4126K, committed 4224K, reserved 1048576K
}

